Using pre-set license
Built from '2020.3/staging' branch; Version is '2020.3.38f1 (8f5fde82e2dc) revision 9396190'; Using compiler version '192528614'; Build Type 'Release'
OS: 'Windows 10  (10.0.19044) 64bit CoreSingleLanguage' Language: 'es' Physical Memory: 24449 MB
BatchMode: 1, IsHumanControllingUs: 0, StartBugReporterOnCrash: 0, Is64bit: 1, IsPro: 0

COMMAND LINE ARGUMENTS:
C:\Program Files\Unity\Hub\Editor\2020.3.38f1\Editor\Unity.exe
-adb2
-batchMode
-noUpm
-name
AssetImportWorker0
-projectPath
F:/Escritorio/UnityProjects/exsanea/Exsanea
-logFile
Logs/AssetImportWorker0.log
-srvPort
64390
Successfully changed project path to: F:/Escritorio/UnityProjects/exsanea/Exsanea
F:/Escritorio/UnityProjects/exsanea/Exsanea
Using Asset Import Pipeline V2.
Refreshing native plugins compatible for Editor in 53.47 ms, found 3 plugins.
Preloading 0 native plugins for Editor in 0.00 ms.
Initialize engine version: 2020.3.38f1 (8f5fde82e2dc)
[Subsystems] Discovering subsystems at path C:/Program Files/Unity/Hub/Editor/2020.3.38f1/Editor/Data/Resources/UnitySubsystems
[Subsystems] Discovering subsystems at path F:/Escritorio/UnityProjects/exsanea/Exsanea/Assets
GfxDevice: creating device client; threaded=0
Direct3D:
    Version:  Direct3D 11.0 [level 11.1]
    Renderer: NVIDIA GeForce GTX 1050 (ID=0x1c8d)
    Vendor:   
    VRAM:     4019 MB
    Driver:   31.0.15.1748
Initialize mono
Mono path[0] = 'C:/Program Files/Unity/Hub/Editor/2020.3.38f1/Editor/Data/Managed'
Mono path[1] = 'C:/Program Files/Unity/Hub/Editor/2020.3.38f1/Editor/Data/MonoBleedingEdge/lib/mono/unityjit'
Mono config path = 'C:/Program Files/Unity/Hub/Editor/2020.3.38f1/Editor/Data/MonoBleedingEdge/etc'
Using monoOptions --debugger-agent=transport=dt_socket,embedding=1,server=y,suspend=n,address=127.0.0.1:56832
Begin MonoManager ReloadAssembly
Registering precompiled unity dll's ...
Register platform support module: C:/Program Files/Unity/Hub/Editor/2020.3.38f1/Editor/Data/PlaybackEngines/WebGLSupport/UnityEditor.WebGL.Extensions.dll
Register platform support module: C:/Program Files/Unity/Hub/Editor/2020.3.38f1/Editor/Data/PlaybackEngines/MacStandaloneSupport/UnityEditor.OSXStandalone.Extensions.dll
Register platform support module: C:/Program Files/Unity/Hub/Editor/2020.3.38f1/Editor/Data/PlaybackEngines/WindowsStandaloneSupport/UnityEditor.WindowsStandalone.Extensions.dll
Registered in 0.003789 seconds.
Native extension for WindowsStandalone target not found
Native extension for OSXStandalone target not found
Native extension for WebGL target not found
Refreshing native plugins compatible for Editor in 50.32 ms, found 3 plugins.
Preloading 0 native plugins for Editor in 0.00 ms.
Mono: successfully reloaded assembly
- Completed reload, in  0.708 seconds
Domain Reload Profiling:
	ReloadAssembly (709ms)
		BeginReloadAssembly (79ms)
			ExecutionOrderSort (0ms)
			DisableScriptedObjects (0ms)
			BackupInstance (0ms)
			ReleaseScriptingObjects (0ms)
			CreateAndSetChildDomain (1ms)
		EndReloadAssembly (538ms)
			LoadAssemblies (77ms)
			RebuildTransferFunctionScriptingTraits (0ms)
			SetupTypeCache (168ms)
			ReleaseScriptCaches (0ms)
			RebuildScriptCaches (32ms)
			SetupLoadedEditorAssemblies (217ms)
				LogAssemblyErrors (0ms)
				InitializePlatformSupportModulesInManaged (8ms)
				SetLoadedEditorAssemblies (0ms)
				RefreshPlugins (50ms)
				BeforeProcessingInitializeOnLoad (14ms)
				ProcessInitializeOnLoadAttributes (104ms)
				ProcessInitializeOnLoadMethodAttributes (39ms)
				AfterProcessingInitializeOnLoad (0ms)
				EditorAssembliesLoaded (0ms)
			ExecutionOrderSort2 (0ms)
			AwakeInstancesAfterBackupRestoration (0ms)
Platform modules already initialized, skipping
Registering precompiled user dll's ...
Registered in 0.192539 seconds.
Begin MonoManager ReloadAssembly
Native extension for WindowsStandalone target not found
Native extension for OSXStandalone target not found
Native extension for WebGL target not found
Refreshing native plugins compatible for Editor in 44.49 ms, found 3 plugins.
Preloading 0 native plugins for Editor in 0.00 ms.
Mono: successfully reloaded assembly
- Completed reload, in  1.279 seconds
Domain Reload Profiling:
	ReloadAssembly (1280ms)
		BeginReloadAssembly (173ms)
			ExecutionOrderSort (0ms)
			DisableScriptedObjects (5ms)
			BackupInstance (0ms)
			ReleaseScriptingObjects (0ms)
			CreateAndSetChildDomain (20ms)
		EndReloadAssembly (1040ms)
			LoadAssemblies (131ms)
			RebuildTransferFunctionScriptingTraits (0ms)
			SetupTypeCache (355ms)
			ReleaseScriptCaches (0ms)
			RebuildScriptCaches (54ms)
			SetupLoadedEditorAssemblies (366ms)
				LogAssemblyErrors (0ms)
				InitializePlatformSupportModulesInManaged (5ms)
				SetLoadedEditorAssemblies (0ms)
				RefreshPlugins (45ms)
				BeforeProcessingInitializeOnLoad (79ms)
				ProcessInitializeOnLoadAttributes (204ms)
				ProcessInitializeOnLoadMethodAttributes (24ms)
				AfterProcessingInitializeOnLoad (9ms)
				EditorAssembliesLoaded (0ms)
			ExecutionOrderSort2 (0ms)
			AwakeInstancesAfterBackupRestoration (2ms)
Platform modules already initialized, skipping
========================================================================
Worker process is ready to serve import requests
Launched and connected shader compiler UnityShaderCompiler.exe after 0.09 seconds
Refreshing native plugins compatible for Editor in 0.45 ms, found 3 plugins.
Preloading 0 native plugins for Editor in 0.00 ms.
Unloading 2215 Unused Serialized files (Serialized files now loaded: 0)
System memory in use before: 97.4 MB.
System memory in use after: 97.3 MB.

Unloading 31 unused Assets to reduce memory usage. Loaded Objects now: 2647.
Total: 3.411500 ms (FindLiveObjects: 0.175000 ms CreateObjectMapping: 0.076000 ms MarkObjects: 3.025000 ms  DeleteObjects: 0.134300 ms)

AssetImportParameters requested are different than current active one (requested -> active):
  custom:framework-win-MediaFoundation: 216162199b28c13a410421893ffa2e32 -> 
  custom:video-decoder-ogg-theora: a1e56fd34408186e4bbccfd4996cb3dc -> 
  custom:container-muxer-webm: aa71ff27fc2769a1b78a27578f13a17b -> 
  custom:container-demuxer-webm: 4f35f7cbe854078d1ac9338744f61a02 -> 
  custom:container-demuxer-ogg: 62fdf1f143b41e24485cea50d1cbac27 -> 
  custom:video-encoder-webm-vp8: eb34c28f22e8b96e1ab97ce403110664 -> 
  custom:video-decoder-webm-vp8: 9c59270c3fd7afecdb556c50c9e8de78 -> 
  custom:audio-decoder-ogg-vorbis: bf7c407c2cedff20999df2af8eb42d56 -> 
  custom:audio-encoder-webm-vorbis: bf7c407c2cedff20999df2af8eb42d56 -> 
========================================================================
Received Import Request.
  path: Assets
  artifactKey: Guid(00000000000000001000000000000000) Importer(815301076,1909f56bfc062723c751e8b465ee728b)
Start importing Assets using Guid(00000000000000001000000000000000) Importer(815301076,1909f56bfc062723c751e8b465ee728b)  -> (artifact id: '42d402b061de3733987d63b9cc3b64de') in 0.006925 seconds 
========================================================================
Received Import Request.
  Time since last request: 6.973019 seconds.
  path: Assets/Sprites
  artifactKey: Guid(1f3e53f82775f4d48b83d681b3f27df8) Importer(815301076,1909f56bfc062723c751e8b465ee728b)
Start importing Assets/Sprites using Guid(1f3e53f82775f4d48b83d681b3f27df8) Importer(815301076,1909f56bfc062723c751e8b465ee728b)  -> (artifact id: '304c435ec4aa3b7c3b576f0637f289e7') in 0.004219 seconds 
========================================================================
Received Import Request.
  Time since last request: 18.297889 seconds.
  path: Assets/Sprites/Bathroom
  artifactKey: Guid(c99aab6d00a506e4ab8fa4e682899f9e) Importer(815301076,1909f56bfc062723c751e8b465ee728b)
Start importing Assets/Sprites/Bathroom using Guid(c99aab6d00a506e4ab8fa4e682899f9e) Importer(815301076,1909f56bfc062723c751e8b465ee728b)  -> (artifact id: 'be5c2099aa311358873f8b7ce703aaa8') in 0.003693 seconds 
========================================================================
Received Import Request.
  Time since last request: 10.746752 seconds.
  path: Assets/Sprites/GirlRoom
  artifactKey: Guid(4277a0f7df983494fbdbd7acee0824d1) Importer(815301076,1909f56bfc062723c751e8b465ee728b)
Start importing Assets/Sprites/GirlRoom using Guid(4277a0f7df983494fbdbd7acee0824d1) Importer(815301076,1909f56bfc062723c751e8b465ee728b)  -> (artifact id: '1f79cf41cf3e2b49ac265bf982ab68ae') in 0.004986 seconds 
========================================================================
Received Import Request.
  Time since last request: 13.363221 seconds.
  path: Assets/Sprites/GreenHouse
  artifactKey: Guid(10fd61007f0fecb4d8bf254b5a06dbad) Importer(815301076,1909f56bfc062723c751e8b465ee728b)
Start importing Assets/Sprites/GreenHouse using Guid(10fd61007f0fecb4d8bf254b5a06dbad) Importer(815301076,1909f56bfc062723c751e8b465ee728b)  -> (artifact id: '6069d8e6f9460722d25939a836664703') in 0.004976 seconds 
========================================================================
Received Import Request.
  Time since last request: 14.510346 seconds.
  path: Assets/Sprites/Kitchen.unity
  artifactKey: Guid(e5c1ab4d39eea5e408ed98fdc30bc584) Importer(815301076,1909f56bfc062723c751e8b465ee728b)
Start importing Assets/Sprites/Kitchen.unity using Guid(e5c1ab4d39eea5e408ed98fdc30bc584) Importer(815301076,1909f56bfc062723c751e8b465ee728b)  -> (artifact id: '35df8e6f1648144f02c0ccf5e8955094') in 0.003802 seconds 
========================================================================
Received Import Request.
  Time since last request: 14.390243 seconds.
  path: Assets/Sprites/Kitchen
  artifactKey: Guid(592e0720aeae0084da577ced2cd7471f) Importer(815301076,1909f56bfc062723c751e8b465ee728b)
Start importing Assets/Sprites/Kitchen using Guid(592e0720aeae0084da577ced2cd7471f) Importer(815301076,1909f56bfc062723c751e8b465ee728b)  -> (artifact id: '6a835ec77fc8500467b7e818d5407da7') in 0.004368 seconds 
========================================================================
Received Import Request.
  Time since last request: 16.494724 seconds.
  path: Assets/Sprites/ParentsRoom
  artifactKey: Guid(90c0c52b94827b64993a81c749d1138a) Importer(815301076,1909f56bfc062723c751e8b465ee728b)
Start importing Assets/Sprites/ParentsRoom using Guid(90c0c52b94827b64993a81c749d1138a) Importer(815301076,1909f56bfc062723c751e8b465ee728b)  -> (artifact id: 'ccd2d13205b3fb376cec1ab5c807c376') in 0.004455 seconds 
========================================================================
Received Import Request.
  Time since last request: 11.810044 seconds.
  path: Assets/Sprites/Study
  artifactKey: Guid(910ed64d5e0eae74b80e46dc1b4bccaf) Importer(815301076,1909f56bfc062723c751e8b465ee728b)
Start importing Assets/Sprites/Study using Guid(910ed64d5e0eae74b80e46dc1b4bccaf) Importer(815301076,1909f56bfc062723c751e8b465ee728b)  -> (artifact id: 'eec3daf34682661d32e9578f359d7737') in 0.005187 seconds 
========================================================================
Received Import Request.
  Time since last request: 65.527467 seconds.
  path: Assets/Sprites/Study/BG_Study.png
  artifactKey: Guid(7c6838c9249d11745b421c755c23a99a) Importer(815301076,1909f56bfc062723c751e8b465ee728b)
Start importing Assets/Sprites/Study/BG_Study.png using Guid(7c6838c9249d11745b421c755c23a99a) Importer(815301076,1909f56bfc062723c751e8b465ee728b)  -> (artifact id: '40c47bdbb74a99b0508e1970a441e910') in 0.153871 seconds 
========================================================================
Received Import Request.
  Time since last request: 0.000641 seconds.
  path: Assets/Sprites/Study/OBJ_Study.png
  artifactKey: Guid(86f50364613ffa84ca46085d65a3452d) Importer(815301076,1909f56bfc062723c751e8b465ee728b)
Start importing Assets/Sprites/Study/OBJ_Study.png using Guid(86f50364613ffa84ca46085d65a3452d) Importer(815301076,1909f56bfc062723c751e8b465ee728b)  -> (artifact id: '1984390e16da31c8c7f227231fc85e3d') in 0.015882 seconds 
========================================================================
Received Import Request.
  Time since last request: 9.334851 seconds.
  path: Assets/Sprites/Study/BG_Study.png
  artifactKey: Guid(7c6838c9249d11745b421c755c23a99a) Importer(815301076,1909f56bfc062723c751e8b465ee728b)
Start importing Assets/Sprites/Study/BG_Study.png using Guid(7c6838c9249d11745b421c755c23a99a) Importer(815301076,1909f56bfc062723c751e8b465ee728b)  -> (artifact id: 'bb4bb2661d44ba265d4e276aec778bb8') in 0.009957 seconds 
========================================================================
Received Import Request.
  Time since last request: 0.000399 seconds.
  path: Assets/Sprites/Study/OBJ_Study.png
  artifactKey: Guid(86f50364613ffa84ca46085d65a3452d) Importer(815301076,1909f56bfc062723c751e8b465ee728b)
Start importing Assets/Sprites/Study/OBJ_Study.png using Guid(86f50364613ffa84ca46085d65a3452d) Importer(815301076,1909f56bfc062723c751e8b465ee728b)  -> (artifact id: 'df53e7d3aa84aef44bc2c7dc73d957fc') in 0.013137 seconds 
========================================================================
Received Import Request.
  Time since last request: 3.835426 seconds.
  path: Assets/Sprites/ParentsRoom/BG_ParentsRoom.png
  artifactKey: Guid(5f8ed0b1c18fb43448871cef1371d615) Importer(815301076,1909f56bfc062723c751e8b465ee728b)
Start importing Assets/Sprites/ParentsRoom/BG_ParentsRoom.png using Guid(5f8ed0b1c18fb43448871cef1371d615) Importer(815301076,1909f56bfc062723c751e8b465ee728b)  -> (artifact id: '6a03e8f8915eff19085d7b46e24e9e98') in 0.017002 seconds 
========================================================================
Received Import Request.
  Time since last request: 0.000376 seconds.
  path: Assets/Sprites/ParentsRoom/OBJ_ParentsRoom.png
  artifactKey: Guid(f72f5f17c2dd90b43b3345e80db936c2) Importer(815301076,1909f56bfc062723c751e8b465ee728b)
Start importing Assets/Sprites/ParentsRoom/OBJ_ParentsRoom.png using Guid(f72f5f17c2dd90b43b3345e80db936c2) Importer(815301076,1909f56bfc062723c751e8b465ee728b)  -> (artifact id: 'ee4f770361ada54862e3fae3d2ad11c6') in 0.020802 seconds 
========================================================================
Received Import Request.
  Time since last request: 9.053220 seconds.
  path: Assets/Sprites/ParentsRoom/BG_ParentsRoom.png
  artifactKey: Guid(5f8ed0b1c18fb43448871cef1371d615) Importer(815301076,1909f56bfc062723c751e8b465ee728b)
Start importing Assets/Sprites/ParentsRoom/BG_ParentsRoom.png using Guid(5f8ed0b1c18fb43448871cef1371d615) Importer(815301076,1909f56bfc062723c751e8b465ee728b)  -> (artifact id: 'ef32ecc5adc82ffecea2cb2ae135bcc3') in 0.185542 seconds 
========================================================================
Received Import Request.
  Time since last request: 0.000444 seconds.
  path: Assets/Sprites/ParentsRoom/OBJ_ParentsRoom.png
  artifactKey: Guid(f72f5f17c2dd90b43b3345e80db936c2) Importer(815301076,1909f56bfc062723c751e8b465ee728b)
Start importing Assets/Sprites/ParentsRoom/OBJ_ParentsRoom.png using Guid(f72f5f17c2dd90b43b3345e80db936c2) Importer(815301076,1909f56bfc062723c751e8b465ee728b)  -> (artifact id: '9572967f5ca24b313808745c856dbcf0') in 0.018785 seconds 
========================================================================
Received Import Request.
  Time since last request: 2.710614 seconds.
  path: Assets/Sprites/Kitchen/BG_Kitchen.png
  artifactKey: Guid(668ed494a34cbde419d87715f75d95a2) Importer(815301076,1909f56bfc062723c751e8b465ee728b)
Start importing Assets/Sprites/Kitchen/BG_Kitchen.png using Guid(668ed494a34cbde419d87715f75d95a2) Importer(815301076,1909f56bfc062723c751e8b465ee728b)  -> (artifact id: 'cf6bd17163c698a02ab6bd83ae01c278') in 0.027951 seconds 
========================================================================
Received Import Request.
  Time since last request: 0.000469 seconds.
  path: Assets/Sprites/Kitchen/OBJ_Kitchen.png
  artifactKey: Guid(8a9d74f8f558a964194bf0f07ebb545d) Importer(815301076,1909f56bfc062723c751e8b465ee728b)
Start importing Assets/Sprites/Kitchen/OBJ_Kitchen.png using Guid(8a9d74f8f558a964194bf0f07ebb545d) Importer(815301076,1909f56bfc062723c751e8b465ee728b)  -> (artifact id: '20350035b2d5a1a4a9c36261102cc06e') in 0.022094 seconds 
========================================================================
Received Import Request.
  Time since last request: 5.991186 seconds.
  path: Assets/Sprites/Kitchen/BG_Kitchen.png
  artifactKey: Guid(668ed494a34cbde419d87715f75d95a2) Importer(815301076,1909f56bfc062723c751e8b465ee728b)
Start importing Assets/Sprites/Kitchen/BG_Kitchen.png using Guid(668ed494a34cbde419d87715f75d95a2) Importer(815301076,1909f56bfc062723c751e8b465ee728b)  -> (artifact id: '97a51923a0d34149b4531da63ced9ae8') in 0.148528 seconds 
========================================================================
Received Import Request.
  Time since last request: 0.000547 seconds.
  path: Assets/Sprites/Kitchen/OBJ_Kitchen.png
  artifactKey: Guid(8a9d74f8f558a964194bf0f07ebb545d) Importer(815301076,1909f56bfc062723c751e8b465ee728b)
Start importing Assets/Sprites/Kitchen/OBJ_Kitchen.png using Guid(8a9d74f8f558a964194bf0f07ebb545d) Importer(815301076,1909f56bfc062723c751e8b465ee728b)  -> (artifact id: '68be56fdd351e401952916e4675ddce3') in 0.017879 seconds 
========================================================================
Received Import Request.
  Time since last request: 20.425951 seconds.
  path: Assets/Sprites/GreenHouse/BG_GreenHouse.png
  artifactKey: Guid(e8d2f205bcb8c5b4baa92a835e202ef5) Importer(815301076,1909f56bfc062723c751e8b465ee728b)
Start importing Assets/Sprites/GreenHouse/BG_GreenHouse.png using Guid(e8d2f205bcb8c5b4baa92a835e202ef5) Importer(815301076,1909f56bfc062723c751e8b465ee728b)  -> (artifact id: '293869164e020d00fbdff23894fb62d0') in 0.019746 seconds 
========================================================================
Received Import Request.
  Time since last request: 0.000448 seconds.
  path: Assets/Sprites/GreenHouse/OBJ_GreenHouse.png
  artifactKey: Guid(59ffaa33c1f81c848ab8eab5de790fd0) Importer(815301076,1909f56bfc062723c751e8b465ee728b)
Start importing Assets/Sprites/GreenHouse/OBJ_GreenHouse.png using Guid(59ffaa33c1f81c848ab8eab5de790fd0) Importer(815301076,1909f56bfc062723c751e8b465ee728b)  -> (artifact id: '86a4d335f63a97ae0cc3b5e78a7bbe94') in 0.039637 seconds 
========================================================================
Received Import Request.
  Time since last request: 6.722460 seconds.
  path: Assets/Sprites/GreenHouse/BG_GreenHouse.png
  artifactKey: Guid(e8d2f205bcb8c5b4baa92a835e202ef5) Importer(815301076,1909f56bfc062723c751e8b465ee728b)
Start importing Assets/Sprites/GreenHouse/BG_GreenHouse.png using Guid(e8d2f205bcb8c5b4baa92a835e202ef5) Importer(815301076,1909f56bfc062723c751e8b465ee728b)  -> (artifact id: 'b992bff4b3cc990831c5e1b5ef6f6e6b') in 0.013739 seconds 
========================================================================
Received Import Request.
  Time since last request: 0.000435 seconds.
  path: Assets/Sprites/GreenHouse/OBJ_GreenHouse.png
  artifactKey: Guid(59ffaa33c1f81c848ab8eab5de790fd0) Importer(815301076,1909f56bfc062723c751e8b465ee728b)
Start importing Assets/Sprites/GreenHouse/OBJ_GreenHouse.png using Guid(59ffaa33c1f81c848ab8eab5de790fd0) Importer(815301076,1909f56bfc062723c751e8b465ee728b)  -> (artifact id: '57ea9751a7431672b96ac5f46d62e9c3') in 0.020914 seconds 
========================================================================
Received Import Request.
  Time since last request: 8.466703 seconds.
  path: Assets/Sprites/GirlRoom/BG_GirlRoom.png
  artifactKey: Guid(f4d183c8bc9f1d840b12122da33f84de) Importer(815301076,1909f56bfc062723c751e8b465ee728b)
Start importing Assets/Sprites/GirlRoom/BG_GirlRoom.png using Guid(f4d183c8bc9f1d840b12122da33f84de) Importer(815301076,1909f56bfc062723c751e8b465ee728b)  -> (artifact id: '32ae524fcd728f6dce4b79accfbcf39e') in 0.697895 seconds 
========================================================================
Received Import Request.
  Time since last request: 0.000471 seconds.
  path: Assets/Sprites/GirlRoom/OBJ_GirlRoom.png
  artifactKey: Guid(7caac096317eb454d806ba371e56f4a5) Importer(815301076,1909f56bfc062723c751e8b465ee728b)
Start importing Assets/Sprites/GirlRoom/OBJ_GirlRoom.png using Guid(7caac096317eb454d806ba371e56f4a5) Importer(815301076,1909f56bfc062723c751e8b465ee728b)  -> (artifact id: '8981f5826aefc4bb76cc7025778b0537') in 0.342429 seconds 
========================================================================
Received Import Request.
  Time since last request: 5.557800 seconds.
  path: Assets/Sprites/GirlRoom/BG_GirlRoom.png
  artifactKey: Guid(f4d183c8bc9f1d840b12122da33f84de) Importer(815301076,1909f56bfc062723c751e8b465ee728b)
Start importing Assets/Sprites/GirlRoom/BG_GirlRoom.png using Guid(f4d183c8bc9f1d840b12122da33f84de) Importer(815301076,1909f56bfc062723c751e8b465ee728b)  -> (artifact id: '534c8236708c9781f8d1b538686ff618') in 0.013681 seconds 
========================================================================
Received Import Request.
  Time since last request: 0.000442 seconds.
  path: Assets/Sprites/GirlRoom/OBJ_GirlRoom.png
  artifactKey: Guid(7caac096317eb454d806ba371e56f4a5) Importer(815301076,1909f56bfc062723c751e8b465ee728b)
Start importing Assets/Sprites/GirlRoom/OBJ_GirlRoom.png using Guid(7caac096317eb454d806ba371e56f4a5) Importer(815301076,1909f56bfc062723c751e8b465ee728b)  -> (artifact id: 'bb386834d0fc393cdfa92ae867bdeb8d') in 0.013432 seconds 
========================================================================
Received Import Request.
  Time since last request: 4.253052 seconds.
  path: Assets/Sprites/Bathroom/BG_Bathroom.png
  artifactKey: Guid(7591e2fbb560d2041ad9e0f1ea481441) Importer(815301076,1909f56bfc062723c751e8b465ee728b)
Start importing Assets/Sprites/Bathroom/BG_Bathroom.png using Guid(7591e2fbb560d2041ad9e0f1ea481441) Importer(815301076,1909f56bfc062723c751e8b465ee728b)  -> (artifact id: '310270d59dd4ee1bb275fb95c81884bf') in 0.016619 seconds 
========================================================================
Received Import Request.
  Time since last request: 0.000439 seconds.
  path: Assets/Sprites/Bathroom/OBJ_Bathroom.png
  artifactKey: Guid(c846c67b97903534caad628530b224a6) Importer(815301076,1909f56bfc062723c751e8b465ee728b)
Start importing Assets/Sprites/Bathroom/OBJ_Bathroom.png using Guid(c846c67b97903534caad628530b224a6) Importer(815301076,1909f56bfc062723c751e8b465ee728b)  -> (artifact id: '786e3c1ea625d8cbd83269bf63064877') in 0.021048 seconds 
========================================================================
Received Import Request.
  Time since last request: 10.130259 seconds.
  path: Assets/Sprites/Bathroom/BG_Bathroom.png
  artifactKey: Guid(7591e2fbb560d2041ad9e0f1ea481441) Importer(815301076,1909f56bfc062723c751e8b465ee728b)
Start importing Assets/Sprites/Bathroom/BG_Bathroom.png using Guid(7591e2fbb560d2041ad9e0f1ea481441) Importer(815301076,1909f56bfc062723c751e8b465ee728b)  -> (artifact id: '0ae2c3445a3bcbede41fa94daca21654') in 0.012921 seconds 
========================================================================
Received Import Request.
  Time since last request: 0.000402 seconds.
  path: Assets/Sprites/Bathroom/OBJ_Bathroom.png
  artifactKey: Guid(c846c67b97903534caad628530b224a6) Importer(815301076,1909f56bfc062723c751e8b465ee728b)
Start importing Assets/Sprites/Bathroom/OBJ_Bathroom.png using Guid(c846c67b97903534caad628530b224a6) Importer(815301076,1909f56bfc062723c751e8b465ee728b)  -> (artifact id: '010a51521affd031da1be03bcfa377e1') in 0.017767 seconds 
========================================================================
Received Import Request.
  Time since last request: 11048.603794 seconds.
  path: Assets/Scenes/BathroomNormal.unity
  artifactKey: Guid(63acdaa33d888f84f94cabfa4af2db98) Importer(815301076,1909f56bfc062723c751e8b465ee728b)
Start importing Assets/Scenes/BathroomNormal.unity using Guid(63acdaa33d888f84f94cabfa4af2db98) Importer(815301076,1909f56bfc062723c751e8b465ee728b)  -> (artifact id: 'b0ab87257fbaac3cedcfc4d00e983903') in 0.007417 seconds 
========================================================================
Received Import Request.
  Time since last request: 245.566297 seconds.
  path: Assets/Sprites/Bathroom/OBJ_Bathroom.png
  artifactKey: Guid(c846c67b97903534caad628530b224a6) Importer(815301076,1909f56bfc062723c751e8b465ee728b)
Start importing Assets/Sprites/Bathroom/OBJ_Bathroom.png using Guid(c846c67b97903534caad628530b224a6) Importer(815301076,1909f56bfc062723c751e8b465ee728b)  -> (artifact id: 'db5cfd0b720b31f9a75212260ccee552') in 0.055260 seconds 
========================================================================
Received Import Request.
  Time since last request: 221.064387 seconds.
  path: Assets/Sprites/GirlRoom/OBJ_GirlRoom.png
  artifactKey: Guid(7caac096317eb454d806ba371e56f4a5) Importer(815301076,1909f56bfc062723c751e8b465ee728b)
Start importing Assets/Sprites/GirlRoom/OBJ_GirlRoom.png using Guid(7caac096317eb454d806ba371e56f4a5) Importer(815301076,1909f56bfc062723c751e8b465ee728b)  -> (artifact id: 'd57d9e1d5194c4be1404b4052d7569e9') in 0.063127 seconds 
========================================================================
Received Import Request.
  Time since last request: 8.760063 seconds.
  path: Assets/Sprites/GirlRoom/OBJ_GirlRoom.png
  artifactKey: Guid(7caac096317eb454d806ba371e56f4a5) Importer(815301076,1909f56bfc062723c751e8b465ee728b)
Start importing Assets/Sprites/GirlRoom/OBJ_GirlRoom.png using Guid(7caac096317eb454d806ba371e56f4a5) Importer(815301076,1909f56bfc062723c751e8b465ee728b)  -> (artifact id: '423b79989195c67d414cabe8ad2c4b80') in 0.042984 seconds 
========================================================================
Received Import Request.
  Time since last request: 12.884466 seconds.
  path: Assets/Sprites/GreenHouse/OBJ_GreenHouse.png
  artifactKey: Guid(59ffaa33c1f81c848ab8eab5de790fd0) Importer(815301076,1909f56bfc062723c751e8b465ee728b)
Start importing Assets/Sprites/GreenHouse/OBJ_GreenHouse.png using Guid(59ffaa33c1f81c848ab8eab5de790fd0) Importer(815301076,1909f56bfc062723c751e8b465ee728b)  -> (artifact id: 'e1a59b495249baa43caeeb601551f560') in 0.029456 seconds 
========================================================================
Received Import Request.
  Time since last request: 14.467413 seconds.
  path: Assets/Sprites/GreenHouse/OBJ_GreenHouse.png
  artifactKey: Guid(59ffaa33c1f81c848ab8eab5de790fd0) Importer(815301076,1909f56bfc062723c751e8b465ee728b)
Start importing Assets/Sprites/GreenHouse/OBJ_GreenHouse.png using Guid(59ffaa33c1f81c848ab8eab5de790fd0) Importer(815301076,1909f56bfc062723c751e8b465ee728b)  -> (artifact id: 'fb875925948f7929bbfc298b0c1ceb93') in 0.080332 seconds 
========================================================================
Received Import Request.
  Time since last request: 79.438130 seconds.
  path: Assets/Sprites/Kitchen/OBJ_Kitchen.png
  artifactKey: Guid(8a9d74f8f558a964194bf0f07ebb545d) Importer(815301076,1909f56bfc062723c751e8b465ee728b)
Start importing Assets/Sprites/Kitchen/OBJ_Kitchen.png using Guid(8a9d74f8f558a964194bf0f07ebb545d) Importer(815301076,1909f56bfc062723c751e8b465ee728b)  -> (artifact id: '6fbfe4a6815e913e3d2b1a58a2d186bb') in 0.090650 seconds 
========================================================================
Received Import Request.
  Time since last request: 36.612738 seconds.
  path: Assets/Sprites/ParentsRoom/OBJ_ParentsRoom.png
  artifactKey: Guid(f72f5f17c2dd90b43b3345e80db936c2) Importer(815301076,1909f56bfc062723c751e8b465ee728b)
Start importing Assets/Sprites/ParentsRoom/OBJ_ParentsRoom.png using Guid(f72f5f17c2dd90b43b3345e80db936c2) Importer(815301076,1909f56bfc062723c751e8b465ee728b)  -> (artifact id: '4a5390d060e7a330376d95cfa605701a') in 0.017018 seconds 
========================================================================
Received Import Request.
  Time since last request: 28.203794 seconds.
  path: Assets/Sprites/Study/OBJ_Study.png
  artifactKey: Guid(86f50364613ffa84ca46085d65a3452d) Importer(815301076,1909f56bfc062723c751e8b465ee728b)
Start importing Assets/Sprites/Study/OBJ_Study.png using Guid(86f50364613ffa84ca46085d65a3452d) Importer(815301076,1909f56bfc062723c751e8b465ee728b)  -> (artifact id: '56f4a9dbe78ab4f7036354e6b1f872fa') in 0.073828 seconds 
========================================================================
Received Prepare
Registering precompiled user dll's ...
Registered in 0.004209 seconds.
Begin MonoManager ReloadAssembly
Native extension for WindowsStandalone target not found
Native extension for OSXStandalone target not found
Native extension for WebGL target not found
Refreshing native plugins compatible for Editor in 0.63 ms, found 3 plugins.
Preloading 0 native plugins for Editor in 0.00 ms.
Mono: successfully reloaded assembly
- Completed reload, in  1.437 seconds
Domain Reload Profiling:
	ReloadAssembly (1439ms)
		BeginReloadAssembly (302ms)
			ExecutionOrderSort (0ms)
			DisableScriptedObjects (19ms)
			BackupInstance (0ms)
			ReleaseScriptingObjects (0ms)
			CreateAndSetChildDomain (129ms)
		EndReloadAssembly (1053ms)
			LoadAssemblies (175ms)
			RebuildTransferFunctionScriptingTraits (0ms)
			SetupTypeCache (370ms)
			ReleaseScriptCaches (1ms)
			RebuildScriptCaches (57ms)
			SetupLoadedEditorAssemblies (386ms)
				LogAssemblyErrors (0ms)
				InitializePlatformSupportModulesInManaged (10ms)
				SetLoadedEditorAssemblies (1ms)
				RefreshPlugins (1ms)
				BeforeProcessingInitializeOnLoad (127ms)
				ProcessInitializeOnLoadAttributes (216ms)
				ProcessInitializeOnLoadMethodAttributes (21ms)
				AfterProcessingInitializeOnLoad (10ms)
				EditorAssembliesLoaded (0ms)
			ExecutionOrderSort2 (0ms)
			AwakeInstancesAfterBackupRestoration (5ms)
Platform modules already initialized, skipping
Refreshing native plugins compatible for Editor in 0.56 ms, found 3 plugins.
Preloading 0 native plugins for Editor in 0.00 ms.
Unloading 2210 Unused Serialized files (Serialized files now loaded: 0)
System memory in use before: 100.5 MB.
System memory in use after: 100.4 MB.

Unloading 20 unused Assets to reduce memory usage. Loaded Objects now: 2703.
Total: 4.061100 ms (FindLiveObjects: 0.296900 ms CreateObjectMapping: 0.153200 ms MarkObjects: 3.432700 ms  DeleteObjects: 0.176100 ms)

AssetImportParameters requested are different than current active one (requested -> active):
  custom:framework-win-MediaFoundation: 216162199b28c13a410421893ffa2e32 -> 
  custom:video-decoder-ogg-theora: a1e56fd34408186e4bbccfd4996cb3dc -> 
  custom:container-muxer-webm: aa71ff27fc2769a1b78a27578f13a17b -> 
  custom:container-demuxer-webm: 4f35f7cbe854078d1ac9338744f61a02 -> 
  custom:container-demuxer-ogg: 62fdf1f143b41e24485cea50d1cbac27 -> 
  custom:video-encoder-webm-vp8: eb34c28f22e8b96e1ab97ce403110664 -> 
  custom:video-decoder-webm-vp8: 9c59270c3fd7afecdb556c50c9e8de78 -> 
  custom:audio-decoder-ogg-vorbis: bf7c407c2cedff20999df2af8eb42d56 -> 
  custom:audio-encoder-webm-vorbis: bf7c407c2cedff20999df2af8eb42d56 -> 
========================================================================
Received Prepare
Registering precompiled user dll's ...
Registered in 0.004223 seconds.
Begin MonoManager ReloadAssembly
Native extension for WindowsStandalone target not found
Native extension for OSXStandalone target not found
Native extension for WebGL target not found
Refreshing native plugins compatible for Editor in 0.47 ms, found 3 plugins.
Preloading 0 native plugins for Editor in 0.00 ms.
Mono: successfully reloaded assembly
- Completed reload, in  1.350 seconds
Domain Reload Profiling:
	ReloadAssembly (1351ms)
		BeginReloadAssembly (152ms)
			ExecutionOrderSort (0ms)
			DisableScriptedObjects (7ms)
			BackupInstance (0ms)
			ReleaseScriptingObjects (0ms)
			CreateAndSetChildDomain (42ms)
		EndReloadAssembly (1094ms)
			LoadAssemblies (206ms)
			RebuildTransferFunctionScriptingTraits (0ms)
			SetupTypeCache (428ms)
			ReleaseScriptCaches (1ms)
			RebuildScriptCaches (51ms)
			SetupLoadedEditorAssemblies (326ms)
				LogAssemblyErrors (0ms)
				InitializePlatformSupportModulesInManaged (7ms)
				SetLoadedEditorAssemblies (1ms)
				RefreshPlugins (1ms)
				BeforeProcessingInitializeOnLoad (101ms)
				ProcessInitializeOnLoadAttributes (192ms)
				ProcessInitializeOnLoadMethodAttributes (16ms)
				AfterProcessingInitializeOnLoad (9ms)
				EditorAssembliesLoaded (0ms)
			ExecutionOrderSort2 (0ms)
			AwakeInstancesAfterBackupRestoration (5ms)
Platform modules already initialized, skipping
Refreshing native plugins compatible for Editor in 0.51 ms, found 3 plugins.
Preloading 0 native plugins for Editor in 0.00 ms.
Unloading 2210 Unused Serialized files (Serialized files now loaded: 0)
System memory in use before: 100.5 MB.
System memory in use after: 100.5 MB.

Unloading 20 unused Assets to reduce memory usage. Loaded Objects now: 2706.
Total: 3.996700 ms (FindLiveObjects: 0.171700 ms CreateObjectMapping: 0.084900 ms MarkObjects: 3.558900 ms  DeleteObjects: 0.179800 ms)

AssetImportParameters requested are different than current active one (requested -> active):
  custom:framework-win-MediaFoundation: 216162199b28c13a410421893ffa2e32 -> 
  custom:video-decoder-ogg-theora: a1e56fd34408186e4bbccfd4996cb3dc -> 
  custom:container-muxer-webm: aa71ff27fc2769a1b78a27578f13a17b -> 
  custom:container-demuxer-webm: 4f35f7cbe854078d1ac9338744f61a02 -> 
  custom:container-demuxer-ogg: 62fdf1f143b41e24485cea50d1cbac27 -> 
  custom:video-encoder-webm-vp8: eb34c28f22e8b96e1ab97ce403110664 -> 
  custom:video-decoder-webm-vp8: 9c59270c3fd7afecdb556c50c9e8de78 -> 
  custom:audio-decoder-ogg-vorbis: bf7c407c2cedff20999df2af8eb42d56 -> 
  custom:audio-encoder-webm-vorbis: bf7c407c2cedff20999df2af8eb42d56 -> 
========================================================================
Received Prepare
Registering precompiled user dll's ...
Registered in 0.003703 seconds.
Begin MonoManager ReloadAssembly
Native extension for WindowsStandalone target not found
Native extension for OSXStandalone target not found
Native extension for WebGL target not found
Refreshing native plugins compatible for Editor in 0.47 ms, found 3 plugins.
Preloading 0 native plugins for Editor in 0.00 ms.
Mono: successfully reloaded assembly
- Completed reload, in  1.224 seconds
Domain Reload Profiling:
	ReloadAssembly (1225ms)
		BeginReloadAssembly (137ms)
			ExecutionOrderSort (0ms)
			DisableScriptedObjects (6ms)
			BackupInstance (0ms)
			ReleaseScriptingObjects (0ms)
			CreateAndSetChildDomain (43ms)
		EndReloadAssembly (1008ms)
			LoadAssemblies (131ms)
			RebuildTransferFunctionScriptingTraits (0ms)
			SetupTypeCache (421ms)
			ReleaseScriptCaches (1ms)
			RebuildScriptCaches (44ms)
			SetupLoadedEditorAssemblies (323ms)
				LogAssemblyErrors (0ms)
				InitializePlatformSupportModulesInManaged (6ms)
				SetLoadedEditorAssemblies (0ms)
				RefreshPlugins (1ms)
				BeforeProcessingInitializeOnLoad (100ms)
				ProcessInitializeOnLoadAttributes (188ms)
				ProcessInitializeOnLoadMethodAttributes (18ms)
				AfterProcessingInitializeOnLoad (10ms)
				EditorAssembliesLoaded (0ms)
			ExecutionOrderSort2 (0ms)
			AwakeInstancesAfterBackupRestoration (5ms)
Platform modules already initialized, skipping
Refreshing native plugins compatible for Editor in 0.45 ms, found 3 plugins.
Preloading 0 native plugins for Editor in 0.00 ms.
Unloading 2210 Unused Serialized files (Serialized files now loaded: 0)
System memory in use before: 100.5 MB.
System memory in use after: 100.5 MB.

Unloading 20 unused Assets to reduce memory usage. Loaded Objects now: 2709.
Total: 3.116600 ms (FindLiveObjects: 0.151800 ms CreateObjectMapping: 0.080200 ms MarkObjects: 2.765100 ms  DeleteObjects: 0.118700 ms)

AssetImportParameters requested are different than current active one (requested -> active):
  custom:framework-win-MediaFoundation: 216162199b28c13a410421893ffa2e32 -> 
  custom:video-decoder-ogg-theora: a1e56fd34408186e4bbccfd4996cb3dc -> 
  custom:container-muxer-webm: aa71ff27fc2769a1b78a27578f13a17b -> 
  custom:container-demuxer-webm: 4f35f7cbe854078d1ac9338744f61a02 -> 
  custom:container-demuxer-ogg: 62fdf1f143b41e24485cea50d1cbac27 -> 
  custom:video-encoder-webm-vp8: eb34c28f22e8b96e1ab97ce403110664 -> 
  custom:video-decoder-webm-vp8: 9c59270c3fd7afecdb556c50c9e8de78 -> 
  custom:audio-decoder-ogg-vorbis: bf7c407c2cedff20999df2af8eb42d56 -> 
  custom:audio-encoder-webm-vorbis: bf7c407c2cedff20999df2af8eb42d56 -> 
========================================================================
Received Prepare
Registering precompiled user dll's ...
Registered in 0.003632 seconds.
Begin MonoManager ReloadAssembly
Native extension for WindowsStandalone target not found
Native extension for OSXStandalone target not found
Native extension for WebGL target not found
Refreshing native plugins compatible for Editor in 0.44 ms, found 3 plugins.
Preloading 0 native plugins for Editor in 0.00 ms.
Mono: successfully reloaded assembly
- Completed reload, in  1.356 seconds
Domain Reload Profiling:
	ReloadAssembly (1357ms)
		BeginReloadAssembly (136ms)
			ExecutionOrderSort (0ms)
			DisableScriptedObjects (6ms)
			BackupInstance (0ms)
			ReleaseScriptingObjects (0ms)
			CreateAndSetChildDomain (37ms)
		EndReloadAssembly (1132ms)
			LoadAssemblies (143ms)
			RebuildTransferFunctionScriptingTraits (0ms)
			SetupTypeCache (503ms)
			ReleaseScriptCaches (1ms)
			RebuildScriptCaches (50ms)
			SetupLoadedEditorAssemblies (347ms)
				LogAssemblyErrors (0ms)
				InitializePlatformSupportModulesInManaged (7ms)
				SetLoadedEditorAssemblies (1ms)
				RefreshPlugins (1ms)
				BeforeProcessingInitializeOnLoad (119ms)
				ProcessInitializeOnLoadAttributes (194ms)
				ProcessInitializeOnLoadMethodAttributes (17ms)
				AfterProcessingInitializeOnLoad (10ms)
				EditorAssembliesLoaded (0ms)
			ExecutionOrderSort2 (0ms)
			AwakeInstancesAfterBackupRestoration (6ms)
Platform modules already initialized, skipping
Refreshing native plugins compatible for Editor in 0.80 ms, found 3 plugins.
Preloading 0 native plugins for Editor in 0.00 ms.
Unloading 2210 Unused Serialized files (Serialized files now loaded: 0)
System memory in use before: 100.6 MB.
System memory in use after: 100.6 MB.

Unloading 20 unused Assets to reduce memory usage. Loaded Objects now: 2712.
Total: 3.459000 ms (FindLiveObjects: 0.208800 ms CreateObjectMapping: 0.098400 ms MarkObjects: 3.023300 ms  DeleteObjects: 0.127600 ms)

AssetImportParameters requested are different than current active one (requested -> active):
  custom:framework-win-MediaFoundation: 216162199b28c13a410421893ffa2e32 -> 
  custom:video-decoder-ogg-theora: a1e56fd34408186e4bbccfd4996cb3dc -> 
  custom:container-muxer-webm: aa71ff27fc2769a1b78a27578f13a17b -> 
  custom:container-demuxer-webm: 4f35f7cbe854078d1ac9338744f61a02 -> 
  custom:container-demuxer-ogg: 62fdf1f143b41e24485cea50d1cbac27 -> 
  custom:video-encoder-webm-vp8: eb34c28f22e8b96e1ab97ce403110664 -> 
  custom:video-decoder-webm-vp8: 9c59270c3fd7afecdb556c50c9e8de78 -> 
  custom:audio-decoder-ogg-vorbis: bf7c407c2cedff20999df2af8eb42d56 -> 
  custom:audio-encoder-webm-vorbis: bf7c407c2cedff20999df2af8eb42d56 -> 
========================================================================
Received Import Request.
  Time since last request: 1772.821505 seconds.
  path: Assets/Scenes/BathroomNormal.unity
  artifactKey: Guid(63acdaa33d888f84f94cabfa4af2db98) Importer(815301076,1909f56bfc062723c751e8b465ee728b)
Start importing Assets/Scenes/BathroomNormal.unity using Guid(63acdaa33d888f84f94cabfa4af2db98) Importer(815301076,1909f56bfc062723c751e8b465ee728b)  -> (artifact id: 'de4c2782bb4d1f66132b60834b1c252d') in 0.007391 seconds 
========================================================================
Received Import Request.
  Time since last request: 20.345705 seconds.
  path: Assets/Scenes/BathroomNormal.unity
  artifactKey: Guid(63acdaa33d888f84f94cabfa4af2db98) Importer(815301076,1909f56bfc062723c751e8b465ee728b)
Start importing Assets/Scenes/BathroomNormal.unity using Guid(63acdaa33d888f84f94cabfa4af2db98) Importer(815301076,1909f56bfc062723c751e8b465ee728b)  -> (artifact id: '35ac88848f7bd6c2c456db15297ce582') in 0.005103 seconds 
========================================================================
Received Import Request.
  Time since last request: 355.296189 seconds.
  path: Assets/Scenes/SampleScene.unity
  artifactKey: Guid(2cda990e2423bbf4892e6590ba056729) Importer(815301076,1909f56bfc062723c751e8b465ee728b)
Start importing Assets/Scenes/SampleScene.unity using Guid(2cda990e2423bbf4892e6590ba056729) Importer(815301076,1909f56bfc062723c751e8b465ee728b)  -> (artifact id: '963628ef4a0384308a45a651a0e89660') in 0.005973 seconds 
AssetImportWorkerClient::OnTransportError - code=2 error=End of file
